<?xml version="1.0" encoding="UTF-8"?>
<!-- Generated by org.testng.reporters.JUnitReportReporter -->
<testsuite hostname="Mukul" failures="0" tests="3" name="MyPractice1.UsingDataProvider" time="2.328" errors="0" timestamp="2025-10-09T18:12:33 IST" skipped="0">
  <testcase classname="MyPractice1.UsingDataProvider" name="addBook" time="0.172"/>
  <system-out/>
  <testcase classname="MyPractice1.UsingDataProvider" name="addBook" time="1.965"/>
  <system-out/>
  <testcase classname="MyPractice1.UsingDataProvider" name="addBook" time="0.191"/>
  <system-out/>
</testsuite> <!-- MyPractice1.UsingDataProvider -->
