<?xml version="1.0" encoding="UTF-8"?>
<!-- Generated by org.testng.reporters.JUnitReportReporter -->
<testsuite hostname="Mukul" failures="0" tests="2" name="MISC.UsingSessionFilter" time="4.997" errors="0" timestamp="2025-10-16T12:00:59 IST" skipped="0">
  <testcase classname="MISC.UsingSessionFilter" name="myTest2" time="0.975"/>
  <system-out/>
  <testcase classname="MISC.UsingSessionFilter" name="myTest1" time="4.022"/>
  <system-out/>
</testsuite> <!-- MISC.UsingSessionFilter -->
